<?xml version="1.0" encoding="UTF-8"?>
<!-- Generated by org.testng.reporters.JUnitXMLReporter -->
<testsuite ignored="0" hostname="LIN-1LZP6Q3" failures="1" tests="1" name="Edge_macOS" time="12.633" errors="0" timestamp="2025-09-18T11:57:38 IST">
  <testcase classname="LambdaTest.DragnDrop" name="testSliderTo95" time="1.551">
    <failure type="java.lang.AssertionError" message="Slider value is not 95 expected [95] but found [5]">
      <![CDATA[java.lang.AssertionError: Slider value is not 95 expected [95] but found [5]
at LambdaTest.DragnDrop.testSliderTo95(DragnDrop.java:39)
at java.base/java.util.concurrent.Executors$RunnableAdapter.call(Executors.java:539)
at java.base/java.util.concurrent.FutureTask.run(FutureTask.java:264)
at java.base/java.util.concurrent.ThreadPoolExecutor.runWorker(ThreadPoolExecutor.java:1136)
at java.base/java.util.concurrent.ThreadPoolExecutor$Worker.run(ThreadPoolExecutor.java:635)
at java.base/java.lang.Thread.run(Thread.java:840)
... Removed 18 stack frames]]>
    </failure>
  </testcase> <!-- testSliderTo95 -->
</testsuite> <!-- Edge_macOS -->
